<?xml version="1.0" encoding="UTF-8"?>
<!-- Generated by org.testng.reporters.JUnitReportReporter -->
<testsuite hostname="Jays-Mac-mini.local" failures="0" tests="1" name="TravelBase.DeviceConfig" time="24.442" errors="1" timestamp="2023-08-18T15:21:45 IST" skipped="0">
  <testcase classname="TravelBase.DeviceConfig" name="Set_up" time="24.442">
    <error message="[The local appium server has not been started, Reason: Timed out waiting for [http://localhost:4723/status] to be available after 20004 ms, Consider increasing the server startup timeout value (currently 20000ms), Node.js executable path: /usr/local/bin/node, Arguments: [/usr/local/lib/node_modules/appium/build/lib/main.js, --port, 4723, --address, localhost], Output: [Appium] Welcome to Appium v2.1.0
[Appium] Non-default server args:
[Appium] { address: [32m&#039;localhost&#039;[39m }
[Appium] Appium REST http interface listener started on http://localhost:4723
[Appium] No drivers have been installed in /Users/jay/.appium. Use the &quot;appium driver&quot; command to install the one(s) you want to use.
[Appium] No plugins have been installed. Use the &quot;appium plugin&quot; command to install the one(s) you want to use.
]" type="io.appium.java_client.service.local.AppiumServerHasNotBeenStartedLocallyException">
      <![CDATA[io.appium.java_client.service.local.AppiumServerHasNotBeenStartedLocallyException: [The local appium server has not been started, Reason: Timed out waiting for [http://localhost:4723/status] to be available after 20004 ms, Consider increasing the server startup timeout value (currently 20000ms), Node.js executable path: /usr/local/bin/node, Arguments: [/usr/local/lib/node_modules/appium/build/lib/main.js, --port, 4723, --address, localhost], Output: [Appium] Welcome to Appium v2.1.0
[Appium] Non-default server args:
[Appium] { address: [32m'localhost'[39m }
[Appium] Appium REST http interface listener started on http://localhost:4723
[Appium] No drivers have been installed in /Users/jay/.appium. Use the "appium driver" command to install the one(s) you want to use.
[Appium] No plugins have been installed. Use the "appium plugin" command to install the one(s) you want to use.
]
at io.appium.java_client.service.local.AppiumDriverLocalService.start(AppiumDriverLocalService.java:202)
at TravelBase.DeviceConfig.appiumServerStartup(DeviceConfig.java:76)
at TravelBase.DeviceConfig.Set_up(DeviceConfig.java:33)
at java.base/jdk.internal.reflect.NativeMethodAccessorImpl.invoke0(Native Method)
at java.base/jdk.internal.reflect.NativeMethodAccessorImpl.invoke(NativeMethodAccessorImpl.java:77)
at java.base/jdk.internal.reflect.DelegatingMethodAccessorImpl.invoke(DelegatingMethodAccessorImpl.java:43)
at java.base/java.lang.reflect.Method.invoke(Method.java:568)
at org.testng.internal.MethodInvocationHelper.invokeMethod(MethodInvocationHelper.java:133)
at org.testng.internal.MethodInvocationHelper.invokeMethodConsideringTimeout(MethodInvocationHelper.java:62)
at org.testng.internal.ConfigInvoker.invokeConfigurationMethod(ConfigInvoker.java:385)
at org.testng.internal.ConfigInvoker.invokeConfigurations(ConfigInvoker.java:321)
at org.testng.SuiteRunner.privateRun(SuiteRunner.java:317)
at org.testng.SuiteRunner.run(SuiteRunner.java:276)
at org.testng.SuiteRunnerWorker.runSuite(SuiteRunnerWorker.java:53)
at org.testng.SuiteRunnerWorker.run(SuiteRunnerWorker.java:96)
at org.testng.TestNG.runSuitesSequentially(TestNG.java:1212)
at org.testng.TestNG.runSuitesLocally(TestNG.java:1134)
at org.testng.TestNG.runSuites(TestNG.java:1063)
at org.testng.TestNG.run(TestNG.java:1031)
at org.testng.remote.AbstractRemoteTestNG.run(AbstractRemoteTestNG.java:115)
at org.testng.remote.RemoteTestNG.initAndRun(RemoteTestNG.java:251)
at org.testng.remote.RemoteTestNG.main(RemoteTestNG.java:77)
Caused by: org.openqa.selenium.net.UrlChecker$TimeoutException: Timed out waiting for [http://localhost:4723/status] to be available after 20004 ms
at org.openqa.selenium.net.UrlChecker.waitUntilAvailable(UrlChecker.java:94)
at io.appium.java_client.service.local.AppiumDriverLocalService.ping(AppiumDriverLocalService.java:157)
at io.appium.java_client.service.local.AppiumDriverLocalService.start(AppiumDriverLocalService.java:181)
... 21 more
Caused by: java.util.concurrent.TimeoutException
at java.base/java.util.concurrent.FutureTask.get(FutureTask.java:204)
at org.openqa.selenium.net.UrlChecker.waitUntilAvailable(UrlChecker.java:91)
... 23 more
]]>
    </error>
  </testcase> <!-- Set_up -->
  <system-out/>
</testsuite> <!-- TravelBase.DeviceConfig -->
